<?xml version="1.0" encoding="UTF-8"?>
<testng-results ignored="0" total="1" passed="1" failed="0" skipped="0">
  <reporter-output>
  </reporter-output>
  <suite started-at="2025-08-22T10:29:20 IST" name="Default suite" finished-at="2025-08-22T10:29:33 IST" duration-ms="12706">
    <groups>
    </groups>
    <test started-at="2025-08-22T10:29:20 IST" name="Default test" finished-at="2025-08-22T10:29:33 IST" duration-ms="12706">
      <class name="testDemo.NavigateMethods">
        <test-method is-config="true" signature="setUp()[pri:0, instance:testDemo.NavigateMethods@a1153bc]" started-at="2025-08-22T10:29:21 IST" name="setUp" finished-at="2025-08-22T10:29:22 IST" duration-ms="1574" status="PASS">
          <reporter-output>
          </reporter-output>
        </test-method> <!-- setUp -->
        <test-method signature="testNavigation()[pri:0, instance:testDemo.NavigateMethods@a1153bc]" started-at="2025-08-22T10:29:22 IST" name="testNavigation" finished-at="2025-08-22T10:29:33 IST" duration-ms="11080" status="PASS">
          <reporter-output>
          </reporter-output>
        </test-method> <!-- testNavigation -->
      </class> <!-- testDemo.NavigateMethods -->
    </test> <!-- Default test -->
  </suite> <!-- Default suite -->
</testng-results>
